[0.023s] Invoking command in '/home/logan/exos_new_ws/build/control_exos': /usr/bin/cmake --build /home/logan/exos_new_ws/build/control_exos -- -j12 -l12
[0.059s] -- Found ament_cmake: 1.3.10 (/opt/ros/humble/share/ament_cmake/cmake)
[0.311s] -- Found rclpy: 3.3.14 (/opt/ros/humble/share/rclpy/cmake)
[0.311s] -- Found control_msgs: 4.6.0 (/opt/ros/humble/share/control_msgs/cmake)
[0.370s] -- Found rosidl_generator_c: 3.1.5 (/opt/ros/humble/share/rosidl_generator_c/cmake)
[0.373s] -- Found rosidl_adapter: 3.1.5 (/opt/ros/humble/share/rosidl_adapter/cmake)
[0.386s] -- Found rosidl_generator_cpp: 3.1.5 (/opt/ros/humble/share/rosidl_generator_cpp/cmake)
[0.406s] -- Using all available rosidl_typesupport_c: rosidl_typesupport_fastrtps_c;rosidl_typesupport_introspection_c
[0.433s] -- Using all available rosidl_typesupport_cpp: rosidl_typesupport_fastrtps_cpp;rosidl_typesupport_introspection_cpp
[0.798s] Error parsing '/home/logan/exos_new_ws/src/control_exos/package.xml':
[0.892s] Traceback (most recent call last):
[0.892s]   File "/opt/ros/humble/share/ament_cmake_core/cmake/core/package_xml_2_cmake.py", line 150, in <module>
[0.892s]     main()
[0.892s]   File "/opt/ros/humble/share/ament_cmake_core/cmake/core/package_xml_2_cmake.py", line 53, in main
[0.893s]     raise e
[0.893s]   File "/opt/ros/humble/share/ament_cmake_core/cmake/core/package_xml_2_cmake.py", line 49, in main
[0.893s]     package = parse_package_string(
[0.893s]   File "/usr/lib/python3/dist-packages/catkin_pkg/package.py", line 786, in parse_package_string
[0.893s]     raise InvalidPackage('Error(s):%s' % (''.join(['\n- %s' % e for e in errors])), filename)
[0.893s] catkin_pkg.package.InvalidPackage: Error(s) in package '/home/logan/exos_new_ws/src/control_exos/package.xml':
[0.894s] Error(s):
[0.894s] - The generic dependency on 'rclpy' is redundant with: exec_depend
[0.894s] - The generic dependency on 'control_msgs' is redundant with: exec_depend
[0.894s] - The generic dependency on 'trajectory_msgs' is redundant with: exec_depend
[0.894s] - The generic dependency on 'builtin_interfaces' is redundant with: exec_depend
[0.921s] [31mCMake Error at /opt/ros/humble/share/ament_cmake_core/cmake/core/ament_package_xml.cmake:95 (message):
[0.921s]   execute_process(/usr/bin/python3
[0.921s]   /opt/ros/humble/share/ament_cmake_core/cmake/core/package_xml_2_cmake.py
[0.921s]   /home/logan/exos_new_ws/src/control_exos/package.xml
[0.921s]   /home/logan/exos_new_ws/build/control_exos/ament_cmake_core/package.cmake)
[0.922s]   returned error code 1
[0.922s] Call Stack (most recent call first):
[0.922s]   /opt/ros/humble/share/ament_cmake_core/cmake/core/ament_package_xml.cmake:49 (_ament_package_xml)
[0.922s]   /opt/ros/humble/share/ament_cmake_core/cmake/core/ament_package.cmake:63 (ament_package_xml)
[0.922s]   CMakeLists.txt:17 (ament_package)
[0.922s] 
[0.923s] [0m
[0.923s] -- Configuring incomplete, errors occurred!
[0.923s] See also "/home/logan/exos_new_ws/build/control_exos/CMakeFiles/CMakeOutput.log".
[0.932s] gmake: *** [Makefile:226: cmake_check_build_system] Error 1
[0.937s] Invoked command in '/home/logan/exos_new_ws/build/control_exos' returned '2': /usr/bin/cmake --build /home/logan/exos_new_ws/build/control_exos -- -j12 -l12
