[0.010s] Invoking command in '/home/logan/exos_new_ws/build/tongquan_sldasm': /usr/bin/cmake --build /home/logan/exos_new_ws/build/tongquan_sldasm -- -j12 -l12
[0.035s] -- Found ament_cmake: 1.3.10 (/opt/ros/humble/share/ament_cmake/cmake)
[0.167s] Traceback (most recent call last):
[0.167s]   File "/opt/ros/humble/share/ament_cmake_core/cmake/package_templates/templates_2_cmake.py", line 21, in <module>
[0.167s]     from ament_package.templates import get_environment_hook_template_path
[0.167s] ModuleNotFoundError: No module named 'ament_package'
[0.177s] [31mCMake Error at /opt/ros/humble/share/ament_cmake_core/cmake/ament_cmake_package_templates-extras.cmake:41 (message):
[0.177s]   execute_process(/usr/bin/python3
[0.177s]   /opt/ros/humble/share/ament_cmake_core/cmake/package_templates/templates_2_cmake.py
[0.177s]   /home/logan/exos_new_ws/build/tongquan_sldasm/ament_cmake_package_templates/templates.cmake)
[0.178s]   returned error code 1
[0.178s] Call Stack (most recent call first):
[0.178s]   /opt/ros/humble/share/ament_cmake_core/cmake/ament_cmake_coreConfig.cmake:41 (include)
[0.178s]   /opt/ros/humble/share/ament_cmake/cmake/ament_cmake_export_dependencies-extras.cmake:15 (find_package)
[0.178s]   /opt/ros/humble/share/ament_cmake/cmake/ament_cmakeConfig.cmake:41 (include)
[0.178s]   CMakeLists.txt:9 (find_package)
[0.178s] 
[0.178s] [0m
[0.178s] -- Configuring incomplete, errors occurred!
[0.178s] See also "/home/logan/exos_new_ws/build/tongquan_sldasm/CMakeFiles/CMakeOutput.log".
[0.181s] gmake: *** [Makefile:226: cmake_check_build_system] Error 1
[0.185s] Invoked command in '/home/logan/exos_new_ws/build/tongquan_sldasm' returned '2': /usr/bin/cmake --build /home/logan/exos_new_ws/build/tongquan_sldasm -- -j12 -l12
